<?xml version="1.0" encoding="UTF-8"?>
<testng-results skipped="0" failed="0" ignored="0" total="1" passed="1">
  <reporter-output>
  </reporter-output>
  <suite name="Surefire suite" duration-ms="9998" started-at="2020-07-28T10:17:02 IST" finished-at="2020-07-28T10:17:12 IST">
    <groups>
      <group name="cucumber">
        <method signature="AbstractTestNGCucumberTests.runScenario(io.cucumber.testng.PickleWrapper, io.cucumber.testng.FeatureWrapper)[pri:0, instance:runnerFiles.RunTestNGTest@56235b8e]" name="runScenario" class="io.cucumber.testng.AbstractTestNGCucumberTests"/>
      </group> <!-- cucumber -->
    </groups>
    <test name="Surefire test" duration-ms="9998" started-at="2020-07-28T10:17:02 IST" finished-at="2020-07-28T10:17:12 IST">
      <class name="runnerFiles.RunTestNGTest">
        <test-method status="PASS" signature="setUpClass()[pri:0, instance:runnerFiles.RunTestNGTest@56235b8e]" name="setUpClass" is-config="true" duration-ms="786" started-at="2020-07-28T10:17:02 IST" finished-at="2020-07-28T10:17:03 IST">
          <reporter-output>
          </reporter-output>
        </test-method> <!-- setUpClass -->
        <test-method status="PASS" signature="runScenario(io.cucumber.testng.PickleWrapper, io.cucumber.testng.FeatureWrapper)[pri:0, instance:runnerFiles.RunTestNGTest@56235b8e]" name="runScenario" duration-ms="8924" started-at="2020-07-28T10:17:03 IST" description="Runs Cucumber Scenarios" data-provider="scenarios" finished-at="2020-07-28T10:17:12 IST">
          <params>
            <param index="0">
              <value>
                <![CDATA["Verify auth token is generated for valid credentials"]]>
              </value>
            </param>
            <param index="1">
              <value>
                <![CDATA["Optional[Auth token API tests]"]]>
              </value>
            </param>
          </params>
          <reporter-output>
          </reporter-output>
        </test-method> <!-- runScenario -->
        <test-method status="PASS" signature="tearDownClass()[pri:0, instance:runnerFiles.RunTestNGTest@56235b8e]" name="tearDownClass" is-config="true" duration-ms="195" started-at="2020-07-28T10:17:12 IST" finished-at="2020-07-28T10:17:12 IST">
          <reporter-output>
          </reporter-output>
        </test-method> <!-- tearDownClass -->
      </class> <!-- runnerFiles.RunTestNGTest -->
    </test> <!-- Surefire test -->
  </suite> <!-- Surefire suite -->
</testng-results>
